{"logTime": "0816/100157", "correlationVector":"XguRneUcdmEokvgWc3lxHy.1","action":"SyncServerConnectionManagerRequest", "result":"SYNC_SERVER_OK", "context":{"environment":"Prod_southindia_prod-s01-004-apac-southindia", "migrationStage":"NotStarted", "server":"akswtt01500005g"}}
{"logTime": "0816/100157", "correlationVector":"XguRneUcdmEokvgWc3lxHy.2","action":"ProcessGetUpdates", "result":"Done", "context":{"dataType":"Encryption Keys", "deleted":"0", "process_failed_to_decrypt":"0", "process_pending_decryption":"0", "process_success":"1", "total":"1"}}
{"logTime": "0816/100158", "correlationVector":"mi+Wj12JyQq2y3RIBfrwQh","action":"SyncServerConnectionManagerRequest", "result":"SYNC_SERVER_OK", "context":{"environment":"", "migrationStage":"", "server":""}}
{"logTime": "0816/100158", "correlationVector":"mi+Wj12JyQq2y3RIBfrwQh.0","action":"EncryptionKeysFetcher.DownloadKeys:", "result":"Success", "context":Key count: 8, Last key timestamp: 2025-06-06T05:30:19Z}
{"logTime": "0816/100158", "correlationVector":"mi+Wj12JyQq2y3RIBfrwQh.1","action":"EncryptionKeysManager::SetEncryptionKeys:", "result":"Success", "context":Key names[8]:[zloGDYOvHkz/zpITz7CaXs/NEqHKvbYlqW5c6tQAzSCt43SLbswtvRbIRTuHQxVeRkiNmKYduFJRSBNZzbk4CQ==][Cenms5tzMNGxxgwmkpmarTbw3hnS4KZzvFAKEf/UBxyrQw/SOO3VnYwGeyZyguO3FQH6VV8qQtWBOW2mfqB//g==][ospdHNK0yshlpEo1Y19YOEb9KinSu1yOne1sJmSIDYzBhRT/qZDQlDPQpEF4K+ql5nAm+lQkNTWZQ+XwCpcOag==][SHbqZDbZKqeHfeECxN86U29dAsXaf9uXacShUABveMwAdtkoard3hFdMlfugeFXTHWqTepQ9pLVMixaSxg3ALQ==][55Fl+WqBoFGxPcbay9FtPg4j2wtHqFlyu9HuFBzppOCIi6d9+DtmV58wJS85J8RPOhQY1dZjz4/3FJ2vHTP9Jw==][61FRpwSSFwMenuM52liEqvqBqIb1MIm7ooEF9c9gOtPrTfKjWj+l8M87x3b2GeDKSb5Rt3YgzvjRFFL4FYCYzw==][mIlydhMmXN4vszZKFjitYUUkJv53AOBJ3MYT+Nz5dUGcDHSthvPm1AxYCIB/0IImASBW+57u6ZkMSEClVm1h1g==][54zA3W9to+5yYaqshqjlUSqBWu3N2ygXktDHKf6Be5eItm++P8m3PkdJ7Nxry/inJPIjthx6hCHHRrzt3IPmjg==]}
{"logTime": "0816/100158", "correlationVector":"mi+Wj12JyQq2y3RIBfrwQh.2","action":"EncryptionKeysManager::SetEncryptionKeysWithTimestamps:", "result":"Success", "context":Key timestamps[8]:[2020-07-13T15:09:42Z][2021-01-13T04:02:48Z][2021-07-14T10:25:42Z][2023-06-06T10:48:21Z][2023-12-04T11:36:33Z][2024-06-02T04:09:42Z][2024-12-04T09:03:51Z][2025-06-06T05:30:19Z]}
{"logTime": "0816/100158", "correlationVector":"XguRneUcdmEokvgWc3lxHy","action":"Initial GetUpdates", "result":"", "context":Reason: NEW_CLIENT. cV=XguRneUcdmEokvgWc3lxHy}
{"logTime": "0816/100158", "correlationVector":"XguRneUcdmEokvgWc3lxHy.3","action":"GetUpdates Response", "result":"Success", "context":Received 1 update(s). cV=XguRneUcdmEokvgWc3lxHy.0;server=akswtt01500005g;cloudType=Consumer;environment=Prod_southindia_prod-s01-004-apac-southindia;migrationStage=NotStarted}
{"logTime": "0816/100158", "correlationVector":"4Sf2VM0Iagh4fpzFNZgJUB","action":"Initial GetUpdates", "result":"", "context":Reason: NEWLY_SUPPORTED_DATATYPE. cV=4Sf2VM0Iagh4fpzFNZgJUB}
{"logTime": "0816/100158", "correlationVector":"4Sf2VM0Iagh4fpzFNZgJUB.1","action":"SyncServerConnectionManagerRequest", "result":"SYNC_SERVER_OK", "context":{"environment":"Prod_southindia_prod-s01-004-apac-southindia", "migrationStage":"NotStarted", "server":"akswtt01500003i"}}
{"logTime": "0816/100158", "correlationVector":"4Sf2VM0Iagh4fpzFNZgJUB.2","action":"ProcessGetUpdates", "result":"Done", "context":{"dataType":"Preferences", "deleted":"0", "process_failed_to_decrypt":"0", "process_pending_decryption":"0", "process_success":"59", "total":"59"}}
{"logTime": "0816/100158", "correlationVector":"4Sf2VM0Iagh4fpzFNZgJUB.3","action":"ProcessGetUpdates", "result":"Done", "context":{"dataType":"Passwords", "deleted":"0", "process_failed_to_decrypt":"0", "process_pending_decryption":"0", "process_success":"18", "total":"18"}}
{"logTime": "0816/100158", "correlationVector":"4Sf2VM0Iagh4fpzFNZgJUB.4","action":"ProcessGetUpdates", "result":"Done", "context":{"dataType":"Device Info", "deleted":"0", "process_failed_to_decrypt":"0", "process_pending_decryption":"0", "process_success":"2", "total":"2"}}
{"logTime": "0816/100158", "correlationVector":"4Sf2VM0Iagh4fpzFNZgJUB.5","action":"GetUpdates Response", "result":"Success", "context":Received 79 update(s). cV=4Sf2VM0Iagh4fpzFNZgJUB.0;server=akswtt01500003i;cloudType=Consumer;environment=Prod_southindia_prod-s01-004-apac-southindia;migrationStage=NotStarted}
{"logTime": "0816/100158", "correlationVector":"VpzojiWaRjagEcIBxszl0R","action":"Initial GetUpdates", "result":"", "context":Reason: NEWLY_SUPPORTED_DATATYPE. cV=VpzojiWaRjagEcIBxszl0R}
{"logTime": "0816/100159", "correlationVector":"VpzojiWaRjagEcIBxszl0R.1","action":"SyncServerConnectionManagerRequest", "result":"SYNC_SERVER_OK", "context":{"environment":"Prod_southindia_prod-s01-004-apac-southindia", "migrationStage":"NotStarted", "server":"akswtt015000052"}}
{"logTime": "0816/100159", "correlationVector":"VpzojiWaRjagEcIBxszl0R.2","action":"ProcessGetUpdates", "result":"Done", "context":{"dataType":"Bookmarks", "deleted":"0", "process_failed_to_decrypt":"0", "process_pending_decryption":"0", "process_success":"13", "total":"13"}}
{"logTime": "0816/100159", "correlationVector":"VpzojiWaRjagEcIBxszl0R.3","action":"GetUpdates Response", "result":"Success", "context":Received 13 update(s). cV=VpzojiWaRjagEcIBxszl0R.0;server=akswtt015000052;cloudType=Consumer;environment=Prod_southindia_prod-s01-004-apac-southindia;migrationStage=NotStarted}
{"logTime": "0816/100159", "correlationVector":"l4QqCSV9fZx0z45qyMQUkM","action":"Initial GetUpdates", "result":"", "context":Reason: NEWLY_SUPPORTED_DATATYPE. cV=l4QqCSV9fZx0z45qyMQUkM}
{"logTime": "0816/100159", "correlationVector":"l4QqCSV9fZx0z45qyMQUkM.1","action":"SyncServerConnectionManagerRequest", "result":"SYNC_SERVER_OK", "context":{"environment":"Prod_southindia_prod-s01-004-apac-southindia", "migrationStage":"NotStarted", "server":"akswtt01500003i"}}
{"logTime": "0816/100159", "correlationVector":"l4QqCSV9fZx0z45qyMQUkM.2","action":"ProcessGetUpdates", "result":"Done", "context":{"dataType":"Autofill", "deleted":"0", "process_failed_to_decrypt":"0", "process_pending_decryption":"0", "process_success":"4", "total":"4"}}
{"logTime": "0816/100159", "correlationVector":"l4QqCSV9fZx0z45qyMQUkM.3","action":"ProcessGetUpdates", "result":"Done", "context":{"dataType":"Sessions", "deleted":"30", "process_failed_to_decrypt":"0", "process_pending_decryption":"0", "process_success":"33", "total":"33"}}
{"logTime": "0816/100159", "correlationVector":"l4QqCSV9fZx0z45qyMQUkM.4","action":"ProcessGetUpdates", "result":"Done", "context":{"dataType":"Edge Hub App Usage", "deleted":"2", "process_failed_to_decrypt":"0", "process_pending_decryption":"0", "process_success":"5", "total":"5"}}
{"logTime": "0816/100159", "correlationVector":"l4QqCSV9fZx0z45qyMQUkM.5","action":"GetUpdates Response", "result":"Success", "context":Received 42 update(s). cV=l4QqCSV9fZx0z45qyMQUkM.0;server=akswtt01500003i;cloudType=Consumer;environment=Prod_southindia_prod-s01-004-apac-southindia;migrationStage=NotStarted}
{"logTime": "0816/100159", "correlationVector":"O6JSi3/IPL9W6dr4X1n6LO","action":"Initial GetUpdates", "result":"", "context":Reason: NEWLY_SUPPORTED_DATATYPE. cV=O6JSi3/IPL9W6dr4X1n6LO}
{"logTime": "0816/100159", "correlationVector":"O6JSi3/IPL9W6dr4X1n6LO.1","action":"SyncServerConnectionManagerRequest", "result":"SYNC_SERVER_OK", "context":{"environment":"Prod_southindia_prod-s01-004-apac-southindia", "migrationStage":"NotStarted", "server":"akswtt015000052"}}
{"logTime": "0816/100159", "correlationVector":"O6JSi3/IPL9W6dr4X1n6LO.2","action":"ProcessGetUpdates", "result":"Done", "context":{"dataType":"History", "deleted":"0", "process_failed_to_decrypt":"0", "process_pending_decryption":"0", "process_success":"13", "total":"13"}}
{"logTime": "0816/100159", "correlationVector":"O6JSi3/IPL9W6dr4X1n6LO.3","action":"GetUpdates Response", "result":"Success", "context":Received 13 update(s). cV=O6JSi3/IPL9W6dr4X1n6LO.0;server=akswtt015000052;cloudType=Consumer;environment=Prod_southindia_prod-s01-004-apac-southindia;migrationStage=NotStarted}
{"logTime": "0816/100159", "correlationVector":"GG2X+GccuHIZNGQdvhKkf/","action":"Normal GetUpdate request", "result":"", "context":cV=GG2X+GccuHIZNGQdvhKkf/
Nudged types: Sessions, Device Info, User Consents, Edge Hub App Usage
Refresh requested types: Bookmarks, Preferences, Passwords, Autofill Profiles, Autofill, Extensions, Sessions, Extension settings, History Delete Directives, Device Info, User Consents, Send Tab To Self, Web Apps, History, Saved Tab Group, WebAuthn Credentials, Collection, Edge E Drop, Edge Hub App Usage, Edge Wallet, Encryption Keys}
{"logTime": "0816/100159", "correlationVector":"GG2X+GccuHIZNGQdvhKkf/.1","action":"SyncServerConnectionManagerRequest", "result":"SYNC_SERVER_OK", "context":{"environment":"Prod_southindia_prod-s01-004-apac-southindia", "migrationStage":"NotStarted", "server":"akswtt01500006h"}}
{"logTime": "0816/100159", "correlationVector":"GG2X+GccuHIZNGQdvhKkf/.2","action":"GetUpdates Response", "result":"Success", "context":Received 0 update(s). cV=GG2X+GccuHIZNGQdvhKkf/.0;server=akswtt01500006h;cloudType=Consumer;environment=Prod_southindia_prod-s01-004-apac-southindia;migrationStage=NotStarted}
{"logTime": "0816/100159", "correlationVector":"C3v0QMhpJGa+r/oAlyUfa/","action":"DoCompareDataConsistency requsted types: ", "result":"Bookmarks, Preferences, Passwords, Extensions, Extension settings, History Delete Directives, Send Tab To Self, Web Apps, History, Saved Tab Group, WebAuthn Credentials, Collection, Edge E Drop, Edge Wallet, Encryption Keys"}
{"logTime": "0816/100159", "correlationVector":"C3v0QMhpJGa+r/oAlyUfa/.0","action":"CompareDataConsistency result: ", "result":"Compare result: Encryption Keys is consistent. local entities count is: 1 local entities hash is: IUJThbwIjxIPC2kSTUyJUbUxuyQ="}
{"logTime": "0816/100159", "correlationVector":"C3v0QMhpJGa+r/oAlyUfa/.1","action":"CompareDataConsistency result: ", "result":"Compare result: Bookmarks is consistent. local entities count is: 8 local entities hash is: 3DdHwHWqxK4zkOOIibZb+na58aQ="}
{"logTime": "0816/100159", "correlationVector":"C3v0QMhpJGa+r/oAlyUfa/.2","action":"CompareDataConsistency result: ", "result":"Compare result: Preferences is consistent. local entities count is: 59 local entities hash is: B4eg0z7uCrbaKJW3SeRG/UuCk5E="}
{"logTime": "0816/100159", "correlationVector":"C3v0QMhpJGa+r/oAlyUfa/.3","action":"CompareDataConsistency result: ", "result":"Compare result: Extensions is consistent. local entities count is: 0 local entities hash is: "}
{"logTime": "0816/100159", "correlationVector":"C3v0QMhpJGa+r/oAlyUfa/.4","action":"CompareDataConsistency result: ", "result":"Compare result: Extension settings is consistent. local entities count is: 0 local entities hash is: "}
{"logTime": "0816/100159", "correlationVector":"C3v0QMhpJGa+r/oAlyUfa/.5","action":"CompareDataConsistency result: ", "result":"Compare result: History Delete Directives is consistent. local entities count is: 0 local entities hash is: "}
{"logTime": "0816/100159", "correlationVector":"C3v0QMhpJGa+r/oAlyUfa/.6","action":"CompareDataConsistency result: ", "result":"Server did not send this Send Tab To Self local entities count is: 0 local entities hash is: "}
{"logTime": "0816/100159", "correlationVector":"C3v0QMhpJGa+r/oAlyUfa/.7","action":"CompareDataConsistency result: ", "result":"Compare result: Web Apps is consistent. local entities count is: 0 local entities hash is: "}
{"logTime": "0816/100159", "correlationVector":"C3v0QMhpJGa+r/oAlyUfa/.8","action":"CompareDataConsistency result: ", "result":"Server did not send this History local entities count is: 0 local entities hash is: "}
{"logTime": "0816/100159", "correlationVector":"C3v0QMhpJGa+r/oAlyUfa/.9","action":"CompareDataConsistency result: ", "result":"Compare result: Saved Tab Group is consistent. local entities count is: 0 local entities hash is: "}
{"logTime": "0816/100159", "correlationVector":"C3v0QMhpJGa+r/oAlyUfa/.10","action":"CompareDataConsistency result: ", "result":"Server did not send this WebAuthn Credentials local entities count is: 0 local entities hash is: "}
{"logTime": "0816/100159", "correlationVector":"C3v0QMhpJGa+r/oAlyUfa/.11","action":"CompareDataConsistency result: ", "result":"Compare result: Collection is consistent. local entities count is: 0 local entities hash is: "}
{"logTime": "0816/100159", "correlationVector":"C3v0QMhpJGa+r/oAlyUfa/.12","action":"CompareDataConsistency result: ", "result":"Compare result: Edge E Drop is consistent. local entities count is: 0 local entities hash is: "}
{"logTime": "0816/100159", "correlationVector":"C3v0QMhpJGa+r/oAlyUfa/.13","action":"CompareDataConsistency result: ", "result":"Compare result: Edge Wallet is consistent. local entities count is: 0 local entities hash is: "}
{"logTime": "0816/100159", "correlationVector":"C3v0QMhpJGa+r/oAlyUfa/.14","action":"CompareDataConsistency result: ", "result":"Compare result: Passwords is consistent. local entities count is: 18 local entities hash is: MRW5afRU/8i1CpLssrcORhItiX0="}
{"logTime": "0816/100159", "correlationVector":"4wvjfw0xEKW+umk86ZSQhj","action":"Commit Request", "result":"", "context":Item count: 5
Contributing types: Sessions, Device Info, User Consents, Edge Hub App Usage}
{"logTime": "0816/100200", "correlationVector":"4wvjfw0xEKW+umk86ZSQhj.1","action":"SyncServerConnectionManagerRequest", "result":"SYNC_SERVER_OK", "context":{"environment":"Prod_southindia_prod-s01-004-apac-southindia", "migrationStage":"NotStarted", "server":"akswtt01500000s"}}
{"logTime": "0816/100200", "correlationVector":"4wvjfw0xEKW+umk86ZSQhj.2","action":"Commit Response", "result":"Success", "context":Result: Success. cV=4wvjfw0xEKW+umk86ZSQhj.0;server=akswtt01500000s;cloudType=Consumer;environment=Prod_southindia_prod-s01-004-apac-southindia;migrationStage=NotStarted}
{"logTime": "0816/100200", "correlationVector":"","action":"DIAGNOSTIC_REQUEST|v1/diagnosticData/Diagnostic.SendCheckResult()|SUCCESS", "result":""}
{"logTime": "0816/100200", "correlationVector":"txy7fret/e6EaK4K0aS4bG","action":"Commit Request", "result":"", "context":Item count: 1
Contributing types: Edge Hub App Usage}
{"logTime": "0816/100201", "correlationVector":"txy7fret/e6EaK4K0aS4bG.1","action":"SyncServerConnectionManagerRequest", "result":"SYNC_SERVER_OK", "context":{"environment":"Prod_southindia_prod-s01-004-apac-southindia", "migrationStage":"NotStarted", "server":"akswtt01500005g"}}
{"logTime": "0816/100201", "correlationVector":"txy7fret/e6EaK4K0aS4bG.2","action":"Commit Response", "result":"Success", "context":Result: Success. cV=txy7fret/e6EaK4K0aS4bG.0;server=akswtt01500005g;cloudType=Consumer;environment=Prod_southindia_prod-s01-004-apac-southindia;migrationStage=NotStarted}
{"logTime": "0816/100245", "correlationVector":"vdtOBs2REubtJJcsHSXVjI","action":"Commit Request", "result":"", "context":Item count: 5
Contributing types: Passwords, Sessions, History}
{"logTime": "0816/100246", "correlationVector":"vdtOBs2REubtJJcsHSXVjI.1","action":"SyncServerConnectionManagerRequest", "result":"SYNC_SERVER_OK", "context":{"environment":"Prod_southindia_prod-s01-004-apac-southindia", "migrationStage":"NotStarted", "server":"akswtt015000030"}}
{"logTime": "0816/100246", "correlationVector":"vdtOBs2REubtJJcsHSXVjI.2","action":"Commit Response", "result":"Success", "context":Result: Success. cV=vdtOBs2REubtJJcsHSXVjI.0;server=akswtt015000030;cloudType=Consumer;environment=Prod_southindia_prod-s01-004-apac-southindia;migrationStage=NotStarted}
{"logTime": "0816/100302", "correlationVector":"icNxPZ59m4H4Eww+Ta3S4k","action":"Commit Request", "result":"", "context":Item count: 1
Contributing types: User Consents}
{"logTime": "0816/100302", "correlationVector":"icNxPZ59m4H4Eww+Ta3S4k.1","action":"SyncServerConnectionManagerRequest", "result":"SYNC_SERVER_OK", "context":{"environment":"Prod_southindia_prod-s01-004-apac-southindia", "migrationStage":"NotStarted", "server":"akswtt015000052"}}
{"logTime": "0816/100302", "correlationVector":"icNxPZ59m4H4Eww+Ta3S4k.2","action":"Commit Response", "result":"Success", "context":Result: Success. cV=icNxPZ59m4H4Eww+Ta3S4k.0;server=akswtt015000052;cloudType=Consumer;environment=Prod_southindia_prod-s01-004-apac-southindia;migrationStage=NotStarted}
{"logTime": "0816/112457", "correlationVector":"C4dgotyIizKft4yaWsP8tT.1","action":"SyncServerConnectionManagerRequest", "result":"SYNC_SERVER_OK", "context":{"environment":"Prod_southindia_prod-s01-004-apac-southindia", "migrationStage":"NotStarted", "server":"akswtt01500003i"}}
{"logTime": "0816/112457", "correlationVector":"C4dgotyIizKft4yaWsP8tT.2","action":"ProcessGetUpdates", "result":"Done", "context":{"dataType":"Encryption Keys", "deleted":"0", "process_failed_to_decrypt":"0", "process_pending_decryption":"0", "process_success":"1", "total":"1"}}
{"logTime": "0816/112458", "correlationVector":"5j5adc++41WHfhZvom8ISc","action":"SyncServerConnectionManagerRequest", "result":"SYNC_SERVER_OK", "context":{"environment":"", "migrationStage":"", "server":""}}
{"logTime": "0816/112458", "correlationVector":"5j5adc++41WHfhZvom8ISc.0","action":"EncryptionKeysFetcher.DownloadKeys:", "result":"Success", "context":Key count: 8, Last key timestamp: 2025-06-06T05:30:19Z}
{"logTime": "0816/112458", "correlationVector":"5j5adc++41WHfhZvom8ISc.1","action":"EncryptionKeysManager::SetEncryptionKeys:", "result":"Success", "context":Key names[8]:[zloGDYOvHkz/zpITz7CaXs/NEqHKvbYlqW5c6tQAzSCt43SLbswtvRbIRTuHQxVeRkiNmKYduFJRSBNZzbk4CQ==][Cenms5tzMNGxxgwmkpmarTbw3hnS4KZzvFAKEf/UBxyrQw/SOO3VnYwGeyZyguO3FQH6VV8qQtWBOW2mfqB//g==][ospdHNK0yshlpEo1Y19YOEb9KinSu1yOne1sJmSIDYzBhRT/qZDQlDPQpEF4K+ql5nAm+lQkNTWZQ+XwCpcOag==][SHbqZDbZKqeHfeECxN86U29dAsXaf9uXacShUABveMwAdtkoard3hFdMlfugeFXTHWqTepQ9pLVMixaSxg3ALQ==][55Fl+WqBoFGxPcbay9FtPg4j2wtHqFlyu9HuFBzppOCIi6d9+DtmV58wJS85J8RPOhQY1dZjz4/3FJ2vHTP9Jw==][61FRpwSSFwMenuM52liEqvqBqIb1MIm7ooEF9c9gOtPrTfKjWj+l8M87x3b2GeDKSb5Rt3YgzvjRFFL4FYCYzw==][mIlydhMmXN4vszZKFjitYUUkJv53AOBJ3MYT+Nz5dUGcDHSthvPm1AxYCIB/0IImASBW+57u6ZkMSEClVm1h1g==][54zA3W9to+5yYaqshqjlUSqBWu3N2ygXktDHKf6Be5eItm++P8m3PkdJ7Nxry/inJPIjthx6hCHHRrzt3IPmjg==]}
{"logTime": "0816/112458", "correlationVector":"5j5adc++41WHfhZvom8ISc.2","action":"EncryptionKeysManager::SetEncryptionKeysWithTimestamps:", "result":"Success", "context":Key timestamps[8]:[2020-07-13T15:09:42Z][2021-01-13T04:02:48Z][2021-07-14T10:25:42Z][2023-06-06T10:48:21Z][2023-12-04T11:36:33Z][2024-06-02T04:09:42Z][2024-12-04T09:03:51Z][2025-06-06T05:30:19Z]}
{"logTime": "0816/112458", "correlationVector":"C4dgotyIizKft4yaWsP8tT","action":"Initial GetUpdates", "result":"", "context":Reason: NEW_CLIENT. cV=C4dgotyIizKft4yaWsP8tT}
{"logTime": "0816/112458", "correlationVector":"C4dgotyIizKft4yaWsP8tT.3","action":"GetUpdates Response", "result":"Success", "context":Received 1 update(s). cV=C4dgotyIizKft4yaWsP8tT.0;server=akswtt01500003i;cloudType=Consumer;environment=Prod_southindia_prod-s01-004-apac-southindia;migrationStage=NotStarted}
{"logTime": "0816/112458", "correlationVector":"DLvfNqPJhddJAQoPINuCA7","action":"Initial GetUpdates", "result":"", "context":Reason: NEWLY_SUPPORTED_DATATYPE. cV=DLvfNqPJhddJAQoPINuCA7}
{"logTime": "0816/112458", "correlationVector":"DLvfNqPJhddJAQoPINuCA7.1","action":"SyncServerConnectionManagerRequest", "result":"SYNC_SERVER_OK", "context":{"environment":"Prod_southindia_prod-s01-004-apac-southindia", "migrationStage":"NotStarted", "server":"akswtt01500003m"}}
{"logTime": "0816/112458", "correlationVector":"DLvfNqPJhddJAQoPINuCA7.2","action":"ProcessGetUpdates", "result":"Done", "context":{"dataType":"Passwords", "deleted":"0", "process_failed_to_decrypt":"0", "process_pending_decryption":"0", "process_success":"18", "total":"18"}}
{"logTime": "0816/112458", "correlationVector":"DLvfNqPJhddJAQoPINuCA7.3","action":"GetUpdates Response", "result":"Success", "context":Received 18 update(s). cV=DLvfNqPJhddJAQoPINuCA7.0;server=akswtt01500003m;cloudType=Consumer;environment=Prod_southindia_prod-s01-004-apac-southindia;migrationStage=NotStarted}
{"logTime": "0816/112458", "correlationVector":"SA5Wt6HZPrV4k2rKEJnRWI","action":"Normal GetUpdate request", "result":"", "context":cV=SA5Wt6HZPrV4k2rKEJnRWI
Nudged types: Sessions, History
Refresh requested types: Bookmarks, Preferences, Passwords, Autofill Profiles, Autofill, Extensions, Sessions, Extension settings, History Delete Directives, Device Info, User Consents, Send Tab To Self, Web Apps, History, Saved Tab Group, WebAuthn Credentials, Collection, Edge E Drop, Edge Hub App Usage, Edge Wallet, Encryption Keys}
{"logTime": "0816/112500", "correlationVector":"SA5Wt6HZPrV4k2rKEJnRWI.1","action":"SyncServerConnectionManagerRequest", "result":"SYNC_SERVER_OK", "context":{"environment":"Prod_southindia_prod-s01-004-apac-southindia", "migrationStage":"NotStarted", "server":"akswtt01500003m"}}
{"logTime": "0816/112500", "correlationVector":"SA5Wt6HZPrV4k2rKEJnRWI.2","action":"ProcessGetUpdates", "result":"Done", "context":{"dataType":"Sessions", "deleted":"0", "process_failed_to_decrypt":"0", "process_pending_decryption":"0", "process_success":"2", "total":"2"}}
{"logTime": "0816/112500", "correlationVector":"SA5Wt6HZPrV4k2rKEJnRWI.3","action":"ProcessGetUpdates", "result":"Done", "context":{"dataType":"Device Info", "deleted":"0", "process_failed_to_decrypt":"0", "process_pending_decryption":"0", "process_success":"1", "total":"1"}}
{"logTime": "0816/112500", "correlationVector":"SA5Wt6HZPrV4k2rKEJnRWI.4","action":"ProcessGetUpdates", "result":"Done", "context":{"dataType":"History", "deleted":"0", "process_failed_to_decrypt":"0", "process_pending_decryption":"0", "process_success":"1", "total":"1"}}
{"logTime": "0816/112500", "correlationVector":"SA5Wt6HZPrV4k2rKEJnRWI.5","action":"ProcessGetUpdates", "result":"Done", "context":{"dataType":"Edge Hub App Usage", "deleted":"0", "process_failed_to_decrypt":"0", "process_pending_decryption":"0", "process_success":"2", "total":"2"}}
{"logTime": "0816/112500", "correlationVector":"SA5Wt6HZPrV4k2rKEJnRWI.6","action":"GetUpdates Response", "result":"Success", "context":Received 6 update(s). cV=SA5Wt6HZPrV4k2rKEJnRWI.0;server=akswtt01500003m;cloudType=Consumer;environment=Prod_southindia_prod-s01-004-apac-southindia;migrationStage=NotStarted}
{"logTime": "0816/112500", "correlationVector":"qqj+v6dm5fWIy+rza3jzN7","action":"Commit Request", "result":"", "context":Item count: 5
Contributing types: Sessions, History}
{"logTime": "0816/112500", "correlationVector":"qqj+v6dm5fWIy+rza3jzN7.1","action":"SyncServerConnectionManagerRequest", "result":"SYNC_SERVER_OK", "context":{"environment":"Prod_southindia_prod-s01-004-apac-southindia", "migrationStage":"NotStarted", "server":"akswtt01500001m"}}
{"logTime": "0816/112500", "correlationVector":"qqj+v6dm5fWIy+rza3jzN7.2","action":"Commit Response", "result":"Success", "context":Result: Success. cV=qqj+v6dm5fWIy+rza3jzN7.0;server=akswtt01500001m;cloudType=Consumer;environment=Prod_southindia_prod-s01-004-apac-southindia;migrationStage=NotStarted}
{"logTime": "0816/112500", "correlationVector":"qqj+v6dm5fWIy+rza3jzN7.3","action":"Commit.Sessions", "result":"Success", "context":{"id":"e5d2a307-00c4-436d-a817-c2a220d92db7", "isDeleted":"true", "size":"0", "version":"1755338567155"}}
